2021-02-27 15:20:06,570 INFO: App startup [in C:\Users\BrandonMa\Python projects\webdev\jobquest-flask\app\__init__.py:25]
2021-02-27 15:20:17,334 INFO: App startup [in C:\Users\BrandonMa\Python projects\webdev\jobquest-flask\app\__init__.py:25]
2021-02-27 15:45:26,005 INFO: App startup [in C:\Users\BrandonMa\Python projects\webdev\jobquest-flask\app\__init__.py:25]
2021-02-27 20:00:16,448 INFO: App startup [in C:\Users\BrandonMa\Python projects\webdev\jobquest-flask\app\__init__.py:25]
2021-03-03 20:57:43,014 INFO: App startup [in C:\Users\BrandonMa\Python projects\webdev\jobquest-flask\app\__init__.py:37]
2021-03-03 20:57:44,617 ERROR: Exception on / [GET] [in c:\users\brandonma\python projects\webdev\jobquest-flask\venv\lib\site-packages\flask\app.py:1891]
Traceback (most recent call last):
  File "c:\users\brandonma\python projects\webdev\jobquest-flask\venv\lib\site-packages\flask\app.py", line 2447, in wsgi_app
    response = self.full_dispatch_request()
  File "c:\users\brandonma\python projects\webdev\jobquest-flask\venv\lib\site-packages\flask\app.py", line 1952, in full_dispatch_request
    rv = self.handle_user_exception(e)
  File "c:\users\brandonma\python projects\webdev\jobquest-flask\venv\lib\site-packages\flask\app.py", line 1821, in handle_user_exception
    reraise(exc_type, exc_value, tb)
  File "c:\users\brandonma\python projects\webdev\jobquest-flask\venv\lib\site-packages\flask\_compat.py", line 39, in reraise
    raise value
  File "c:\users\brandonma\python projects\webdev\jobquest-flask\venv\lib\site-packages\flask\app.py", line 1950, in full_dispatch_request
    rv = self.dispatch_request()
  File "c:\users\brandonma\python projects\webdev\jobquest-flask\venv\lib\site-packages\flask\app.py", line 1936, in dispatch_request
    return self.view_functions[rule.endpoint](**req.view_args)
  File "C:\Users\BrandonMa\Python projects\webdev\jobquest-flask\app\main\routes.py", line 19, in index
    return render_template('index.html', title='Home', postings=postings, resumes=resumes, cover_letters=cover_letters,
  File "c:\users\brandonma\python projects\webdev\jobquest-flask\venv\lib\site-packages\flask\templating.py", line 137, in render_template
    return _render(
  File "c:\users\brandonma\python projects\webdev\jobquest-flask\venv\lib\site-packages\flask\templating.py", line 120, in _render
    rv = template.render(context)
  File "c:\users\brandonma\python projects\webdev\jobquest-flask\venv\lib\site-packages\jinja2\environment.py", line 1090, in render
    self.environment.handle_exception()
  File "c:\users\brandonma\python projects\webdev\jobquest-flask\venv\lib\site-packages\jinja2\environment.py", line 832, in handle_exception
    reraise(*rewrite_traceback_stack(source=source))
  File "c:\users\brandonma\python projects\webdev\jobquest-flask\venv\lib\site-packages\jinja2\_compat.py", line 28, in reraise
    raise value.with_traceback(tb)
  File "C:\Users\BrandonMa\Python projects\webdev\jobquest-flask\app\templates\index.html", line 1, in top-level template code
    {% extends "base2.html" %}
  File "C:\Users\BrandonMa\Python projects\webdev\jobquest-flask\app\templates\base2.html", line 1, in top-level template code
    {% extends 'bootstrap/base.html' %}
  File "c:\users\brandonma\python projects\webdev\jobquest-flask\venv\lib\site-packages\flask_bootstrap\templates\bootstrap\base.html", line 1, in top-level template code
    {% block doc -%}
  File "c:\users\brandonma\python projects\webdev\jobquest-flask\venv\lib\site-packages\flask_bootstrap\templates\bootstrap\base.html", line 4, in block "doc"
    {%- block html %}
  File "c:\users\brandonma\python projects\webdev\jobquest-flask\venv\lib\site-packages\flask_bootstrap\templates\bootstrap\base.html", line 20, in block "html"
    {% block body -%}
  File "c:\users\brandonma\python projects\webdev\jobquest-flask\venv\lib\site-packages\flask_bootstrap\templates\bootstrap\base.html", line 21, in block "body"
    {% block navbar %}
  File "C:\Users\BrandonMa\Python projects\webdev\jobquest-flask\app\templates\base2.html", line 21, in block "navbar"
    <a class="navbar-brand" href="{{ url_for('index') }}">EmployMe AIO</a>
  File "c:\users\brandonma\python projects\webdev\jobquest-flask\venv\lib\site-packages\flask\helpers.py", line 370, in url_for
    return appctx.app.handle_url_build_error(error, endpoint, values)
  File "c:\users\brandonma\python projects\webdev\jobquest-flask\venv\lib\site-packages\flask\app.py", line 2216, in handle_url_build_error
    reraise(exc_type, exc_value, tb)
  File "c:\users\brandonma\python projects\webdev\jobquest-flask\venv\lib\site-packages\flask\_compat.py", line 39, in reraise
    raise value
  File "c:\users\brandonma\python projects\webdev\jobquest-flask\venv\lib\site-packages\flask\helpers.py", line 357, in url_for
    rv = url_adapter.build(
  File "c:\users\brandonma\python projects\webdev\jobquest-flask\venv\lib\site-packages\werkzeug\routing.py", line 2179, in build
    raise BuildError(endpoint, values, method, self)
werkzeug.routing.BuildError: Could not build url for endpoint 'index'. Did you mean 'main.index' instead?
